<?xml version="1.0" encoding="UTF-8"?>
<testng-results ignored="0" total="1" passed="1" failed="0" skipped="0">
  <reporter-output>
  </reporter-output>
  <suite started-at="2021-07-06T08:37:47Z" name="Suite" finished-at="2021-07-06T08:38:08Z" duration-ms="21008">
    <groups>
      <group name="cucumber">
        <method signature="AbstractTestNGCucumberTests.feature(cucumber.api.testng.CucumberFeatureWrapper)[pri:0, instance:com.jpmorgan.runner.TestRunner@185a6e9]" name="feature" class="cucumber.api.testng.AbstractTestNGCucumberTests"/>
      </group> <!-- cucumber -->
    </groups>
    <test started-at="2021-07-06T08:37:47Z" name="Test Chrome" finished-at="2021-07-06T08:38:08Z" duration-ms="21008">
      <class name="com.jpmorgan.runner.TestRunner">
        <test-method is-config="true" signature="setUpClass()[pri:0, instance:com.jpmorgan.runner.TestRunner@185a6e9]" started-at="2021-07-06T08:37:47Z" name="setUpClass" finished-at="2021-07-06T08:37:47Z" duration-ms="202" status="PASS">
          <reporter-output>
          </reporter-output>
        </test-method> <!-- setUpClass -->
        <test-method is-config="true" signature="setup()[pri:0, instance:com.jpmorgan.runner.TestRunner@185a6e9]" started-at="2021-07-06T08:37:47Z" name="setup" finished-at="2021-07-06T08:37:47Z" duration-ms="37" status="PASS">
          <reporter-output>
          </reporter-output>
        </test-method> <!-- setup -->
        <test-method signature="feature(cucumber.api.testng.CucumberFeatureWrapper)[pri:0, instance:com.jpmorgan.runner.TestRunner@185a6e9]" started-at="2021-07-06T08:37:47Z" name="feature" description="Runs Cucumber Feature" data-provider="features" finished-at="2021-07-06T08:38:08Z" duration-ms="20427" status="PASS">
          <params>
            <param index="0">
              <value>
                <![CDATA[Verify JP Morgan logo]]>
              </value>
            </param>
          </params>
          <reporter-output>
          </reporter-output>
        </test-method> <!-- feature -->
        <test-method is-config="true" signature="teardown()[pri:0, instance:com.jpmorgan.runner.TestRunner@185a6e9]" started-at="2021-07-06T08:38:08Z" name="teardown" finished-at="2021-07-06T08:38:08Z" duration-ms="10" status="PASS">
          <reporter-output>
          </reporter-output>
        </test-method> <!-- teardown -->
        <test-method is-config="true" signature="tearDownClass()[pri:0, instance:com.jpmorgan.runner.TestRunner@185a6e9]" started-at="2021-07-06T08:38:08Z" name="tearDownClass" finished-at="2021-07-06T08:38:08Z" duration-ms="249" status="PASS">
          <reporter-output>
          </reporter-output>
        </test-method> <!-- tearDownClass -->
      </class> <!-- com.jpmorgan.runner.TestRunner -->
    </test> <!-- Test Chrome -->
  </suite> <!-- Suite -->
</testng-results>
